09:40:25.803 Config: {
	"UseFrontend": false,
	"UseMatchmaker": false,
	"UseHTTPS": false,
	"UseAuthentication": false,
	"LogToFile": true,
	"HomepageFile": "/www/player.html",
	"AdditionalRoutes": {},
	"EnableWebserver": true,
	"MatchmakerAddress": "",
	"MatchmakerPort": "9999",
	"PublicIp": "localhost",
	"HttpPort": 80,
	"HttpsPort": 443,
	"StreamerPort": 8888,
	"peerConnectionOptions": "{ \"iceServers\": [{\"urls\": [\"stun:stun.l.google.com:19302\"]}] }",
	"publicIp": "127.0.0.1"
}
09:40:25.855 peerConnectionOptions = {"iceServers":[{"urls":["stun:stun.l.google.com:19302"]}]}
09:40:25.859 Running Cirrus - The Pixel Streaming reference implementation signalling server for Unreal Engine 4.27.
09:40:25.877 WebSocket listening to Streamer connections on :8888
09:40:25.878 WebSocket listening to Players connections on :80
09:40:25.880 Http listening on *: 80
09:40:26.241 Streamer connected: ::1
09:41:26.330 <- Streamer: {"type":"ping","time":1682300486}
